[2025-06-25T02:20:55.865+0000] {taskinstance.py:1157} INFO - Dependencies all met for dep_context=non-requeueable deps ti=<TaskInstance: etl_reddit_pipeline.reddit_extraction scheduled__2025-06-24T00:00:00+00:00 [queued]>
[2025-06-25T02:20:55.887+0000] {taskinstance.py:1157} INFO - Dependencies all met for dep_context=requeueable deps ti=<TaskInstance: etl_reddit_pipeline.reddit_extraction scheduled__2025-06-24T00:00:00+00:00 [queued]>
[2025-06-25T02:20:55.888+0000] {taskinstance.py:1359} INFO - Starting attempt 1 of 1
[2025-06-25T02:20:55.912+0000] {taskinstance.py:1380} INFO - Executing <Task(PythonOperator): reddit_extraction> on 2025-06-24 00:00:00+00:00
[2025-06-25T02:20:55.935+0000] {standard_task_runner.py:57} INFO - Started process 67 to run task
[2025-06-25T02:20:55.939+0000] {standard_task_runner.py:84} INFO - Running: ['airflow', 'tasks', 'run', 'etl_reddit_pipeline', 'reddit_extraction', 'scheduled__2025-06-24T00:00:00+00:00', '--job-id', '14', '--raw', '--subdir', 'DAGS_FOLDER/reddit_dag.py', '--cfg-path', '/tmp/tmpxgqznnau']
[2025-06-25T02:20:55.942+0000] {standard_task_runner.py:85} INFO - Job 14: Subtask reddit_extraction
[2025-06-25T02:20:56.031+0000] {task_command.py:415} INFO - Running <TaskInstance: etl_reddit_pipeline.reddit_extraction scheduled__2025-06-24T00:00:00+00:00 [running]> on host 6c7b2539f23d
[2025-06-25T02:20:57.135+0000] {taskinstance.py:1660} INFO - Exporting env vars: AIRFLOW_CTX_DAG_OWNER='Rhea Santhmayor' AIRFLOW_CTX_DAG_ID='etl_reddit_pipeline' AIRFLOW_CTX_TASK_ID='reddit_extraction' AIRFLOW_CTX_EXECUTION_DATE='2025-06-24T00:00:00+00:00' AIRFLOW_CTX_TRY_NUMBER='1' AIRFLOW_CTX_DAG_RUN_ID='scheduled__2025-06-24T00:00:00+00:00'
[2025-06-25T02:20:57.226+0000] {logging_mixin.py:151} INFO - ✅ Connected to Reddit API
[2025-06-25T02:20:57.840+0000] {logging_mixin.py:151} INFO - 📦 Extracted 18 posts from r/books
[2025-06-25T02:20:57.861+0000] {logging_mixin.py:151} INFO - ✅ Data saved to: /opt/airflow/data/output/reddit_20250625.csv
[2025-06-25T02:20:57.861+0000] {python.py:194} INFO - Done. Returned value was: /opt/airflow/data/output/reddit_20250625.csv
[2025-06-25T02:20:57.893+0000] {taskinstance.py:1398} INFO - Marking task as SUCCESS. dag_id=etl_reddit_pipeline, task_id=reddit_extraction, execution_date=20250624T000000, start_date=20250625T022055, end_date=20250625T022057
[2025-06-25T02:20:57.959+0000] {local_task_job_runner.py:228} INFO - Task exited with return code 0
[2025-06-25T02:20:57.984+0000] {taskinstance.py:2776} INFO - 0 downstream tasks scheduled from follow-on schedule check
[2025-06-25T05:21:31.930+0000] {taskinstance.py:1157} INFO - Dependencies all met for dep_context=non-requeueable deps ti=<TaskInstance: etl_reddit_pipeline.reddit_extraction scheduled__2025-06-24T00:00:00+00:00 [queued]>
[2025-06-25T05:21:31.941+0000] {taskinstance.py:1157} INFO - Dependencies all met for dep_context=requeueable deps ti=<TaskInstance: etl_reddit_pipeline.reddit_extraction scheduled__2025-06-24T00:00:00+00:00 [queued]>
[2025-06-25T05:21:31.941+0000] {taskinstance.py:1359} INFO - Starting attempt 1 of 1
[2025-06-25T05:21:31.956+0000] {taskinstance.py:1380} INFO - Executing <Task(PythonOperator): reddit_extraction> on 2025-06-24 00:00:00+00:00
[2025-06-25T05:21:31.965+0000] {standard_task_runner.py:57} INFO - Started process 63 to run task
[2025-06-25T05:21:31.975+0000] {standard_task_runner.py:84} INFO - Running: ['airflow', 'tasks', 'run', 'etl_reddit_pipeline', 'reddit_extraction', 'scheduled__2025-06-24T00:00:00+00:00', '--job-id', '2', '--raw', '--subdir', 'DAGS_FOLDER/reddit_dag.py', '--cfg-path', '/tmp/tmp9kq_l_l9']
[2025-06-25T05:21:33.504+0000] {standard_task_runner.py:85} INFO - Job 2: Subtask reddit_extraction
[2025-06-25T05:21:33.633+0000] {task_command.py:415} INFO - Running <TaskInstance: etl_reddit_pipeline.reddit_extraction scheduled__2025-06-24T00:00:00+00:00 [running]> on host d6b33423b1ed
[2025-06-25T05:21:33.780+0000] {taskinstance.py:1660} INFO - Exporting env vars: AIRFLOW_CTX_DAG_OWNER='Rhea Santhmayor' AIRFLOW_CTX_DAG_ID='etl_reddit_pipeline' AIRFLOW_CTX_TASK_ID='reddit_extraction' AIRFLOW_CTX_EXECUTION_DATE='2025-06-24T00:00:00+00:00' AIRFLOW_CTX_TRY_NUMBER='1' AIRFLOW_CTX_DAG_RUN_ID='scheduled__2025-06-24T00:00:00+00:00'
[2025-06-25T05:21:33.890+0000] {logging_mixin.py:151} INFO - ✅ Connected to Reddit API
[2025-06-25T05:21:34.317+0000] {logging_mixin.py:151} INFO - 📦 Extracted 18 posts from r/books
[2025-06-25T05:21:34.374+0000] {logging_mixin.py:151} INFO - ✅ Data saved to: /opt/airflow/data/output/reddit_20250625.csv
[2025-06-25T05:21:34.374+0000] {python.py:194} INFO - Done. Returned value was: /opt/airflow/data/output/reddit_20250625.csv
[2025-06-25T05:21:34.415+0000] {taskinstance.py:1398} INFO - Marking task as SUCCESS. dag_id=etl_reddit_pipeline, task_id=reddit_extraction, execution_date=20250624T000000, start_date=20250625T052131, end_date=20250625T052134
[2025-06-25T05:21:34.449+0000] {local_task_job_runner.py:228} INFO - Task exited with return code 0
[2025-06-25T05:21:34.619+0000] {taskinstance.py:2776} INFO - 0 downstream tasks scheduled from follow-on schedule check
