[2025-06-26T02:43:25.911+0000] {taskinstance.py:1157} INFO - Dependencies all met for dep_context=non-requeueable deps ti=<TaskInstance: etl_reddit_pipeline.reddit_extraction scheduled__2025-06-25T00:00:00+00:00 [queued]>
[2025-06-26T02:43:25.947+0000] {taskinstance.py:1157} INFO - Dependencies all met for dep_context=requeueable deps ti=<TaskInstance: etl_reddit_pipeline.reddit_extraction scheduled__2025-06-25T00:00:00+00:00 [queued]>
[2025-06-26T02:43:25.951+0000] {taskinstance.py:1359} INFO - Starting attempt 1 of 1
[2025-06-26T02:43:25.995+0000] {taskinstance.py:1380} INFO - Executing <Task(PythonOperator): reddit_extraction> on 2025-06-25 00:00:00+00:00
[2025-06-26T02:43:26.013+0000] {standard_task_runner.py:57} INFO - Started process 72 to run task
[2025-06-26T02:43:26.018+0000] {standard_task_runner.py:84} INFO - Running: ['airflow', 'tasks', 'run', 'etl_reddit_pipeline', 'reddit_extraction', 'scheduled__2025-06-25T00:00:00+00:00', '--job-id', '4', '--raw', '--subdir', 'DAGS_FOLDER/reddit_dag.py', '--cfg-path', '/tmp/tmpqkvpv3lv']
[2025-06-26T02:43:26.027+0000] {standard_task_runner.py:85} INFO - Job 4: Subtask reddit_extraction
[2025-06-26T02:43:26.126+0000] {task_command.py:415} INFO - Running <TaskInstance: etl_reddit_pipeline.reddit_extraction scheduled__2025-06-25T00:00:00+00:00 [running]> on host d6b33423b1ed
[2025-06-26T02:43:27.733+0000] {taskinstance.py:1660} INFO - Exporting env vars: AIRFLOW_CTX_DAG_OWNER='Rhea Santhmayor' AIRFLOW_CTX_DAG_ID='etl_reddit_pipeline' AIRFLOW_CTX_TASK_ID='reddit_extraction' AIRFLOW_CTX_EXECUTION_DATE='2025-06-25T00:00:00+00:00' AIRFLOW_CTX_TRY_NUMBER='1' AIRFLOW_CTX_DAG_RUN_ID='scheduled__2025-06-25T00:00:00+00:00'
[2025-06-26T02:43:27.968+0000] {logging_mixin.py:151} INFO - ✅ Connected to Reddit API
[2025-06-26T02:43:28.509+0000] {logging_mixin.py:151} INFO - 📦 Extracted 19 posts from r/books
[2025-06-26T02:43:28.567+0000] {logging_mixin.py:151} INFO - ✅ Data saved to: /opt/airflow/data/output/reddit_20250626.csv
[2025-06-26T02:43:28.568+0000] {python.py:194} INFO - Done. Returned value was: /opt/airflow/data/output/reddit_20250626.csv
[2025-06-26T02:43:28.608+0000] {taskinstance.py:1398} INFO - Marking task as SUCCESS. dag_id=etl_reddit_pipeline, task_id=reddit_extraction, execution_date=20250625T000000, start_date=20250626T024325, end_date=20250626T024328
[2025-06-26T02:43:28.653+0000] {local_task_job_runner.py:228} INFO - Task exited with return code 0
[2025-06-26T02:43:28.677+0000] {taskinstance.py:2776} INFO - 0 downstream tasks scheduled from follow-on schedule check
[2025-06-26T05:07:45.893+0000] {taskinstance.py:1157} INFO - Dependencies all met for dep_context=non-requeueable deps ti=<TaskInstance: etl_reddit_pipeline.reddit_extraction scheduled__2025-06-25T00:00:00+00:00 [queued]>
[2025-06-26T05:07:45.905+0000] {taskinstance.py:1157} INFO - Dependencies all met for dep_context=requeueable deps ti=<TaskInstance: etl_reddit_pipeline.reddit_extraction scheduled__2025-06-25T00:00:00+00:00 [queued]>
[2025-06-26T05:07:45.905+0000] {taskinstance.py:1359} INFO - Starting attempt 1 of 1
[2025-06-26T05:07:45.922+0000] {taskinstance.py:1380} INFO - Executing <Task(PythonOperator): reddit_extraction> on 2025-06-25 00:00:00+00:00
[2025-06-26T05:07:45.934+0000] {standard_task_runner.py:57} INFO - Started process 66 to run task
[2025-06-26T05:07:45.943+0000] {standard_task_runner.py:84} INFO - Running: ['airflow', 'tasks', 'run', 'etl_reddit_pipeline', 'reddit_extraction', 'scheduled__2025-06-25T00:00:00+00:00', '--job-id', '4', '--raw', '--subdir', 'DAGS_FOLDER/reddit_dag.py', '--cfg-path', '/tmp/tmp37nlewm_']
[2025-06-26T05:07:45.945+0000] {standard_task_runner.py:85} INFO - Job 4: Subtask reddit_extraction
[2025-06-26T05:07:46.079+0000] {task_command.py:415} INFO - Running <TaskInstance: etl_reddit_pipeline.reddit_extraction scheduled__2025-06-25T00:00:00+00:00 [running]> on host 546653f53f1d
[2025-06-26T05:07:46.201+0000] {taskinstance.py:1660} INFO - Exporting env vars: AIRFLOW_CTX_DAG_OWNER='Rhea Santhmayor' AIRFLOW_CTX_DAG_ID='etl_reddit_pipeline' AIRFLOW_CTX_TASK_ID='reddit_extraction' AIRFLOW_CTX_EXECUTION_DATE='2025-06-25T00:00:00+00:00' AIRFLOW_CTX_TRY_NUMBER='1' AIRFLOW_CTX_DAG_RUN_ID='scheduled__2025-06-25T00:00:00+00:00'
[2025-06-26T05:07:46.324+0000] {logging_mixin.py:151} INFO - ✅ Connected to Reddit API
[2025-06-26T05:07:48.791+0000] {logging_mixin.py:151} INFO - 📦 Extracted 18 posts from r/books
[2025-06-26T05:07:48.840+0000] {logging_mixin.py:151} INFO - ✅ Data saved to: /opt/airflow/data/output/reddit_20250626.csv
[2025-06-26T05:07:48.840+0000] {python.py:194} INFO - Done. Returned value was: /opt/airflow/data/output/reddit_20250626.csv
[2025-06-26T05:07:48.861+0000] {taskinstance.py:1398} INFO - Marking task as SUCCESS. dag_id=etl_reddit_pipeline, task_id=reddit_extraction, execution_date=20250625T000000, start_date=20250626T050745, end_date=20250626T050748
[2025-06-26T05:07:48.914+0000] {local_task_job_runner.py:228} INFO - Task exited with return code 0
[2025-06-26T05:07:48.933+0000] {taskinstance.py:2776} INFO - 0 downstream tasks scheduled from follow-on schedule check
